[INFO    ] Working on datasets: ['ssWW_LL_mg5']
[INFO    ] Total number of events: 2000
[INFO    ] Reducing chunksize from 150000 to 2000 for datasets
[INFO    ] Working on datasets: ['ssWW_LL_mg5']
[INFO    ] Total number of events: 2000
[INFO    ] Reducing chunksize from 150000 to 2000 for datasets
[INFO    ] Working on datasets: ['ssWW_LL_mg5']
[INFO    ] Total number of events: 2000
[INFO    ] Reducing chunksize from 150000 to 2000 for datasets
[INFO    ] Working on datasets: ['ssWW_LL_mg5']
[INFO    ] Total number of events: 2000
[INFO    ] Reducing chunksize from 150000 to 2000 for datasets
[INFO    ] Working on datasets: ['ssWW_LL_mg5']
[INFO    ] Total number of events: 2000
[INFO    ] Reducing chunksize from 150000 to 2000 for datasets
[INFO    ] Working on datasets: ['ssWW_LL_mg5']
[INFO    ] Total number of events: 2000
[INFO    ] Reducing chunksize from 150000 to 2000 for datasets
[INFO    ] Working on datasets: ['ssWW_LL_mg5']
[INFO    ] Total number of events: 2000
[INFO    ] Reducing chunksize from 150000 to 2000 for datasets
[INFO    ] Working on datasets: ['ssWW_LL_mg5']
[INFO    ] Total number of events: 2000
[INFO    ] Reducing chunksize from 150000 to 2000 for datasets
[INFO    ] Working on datasets: ['ssWW_LL_mg5']
[INFO    ] Total number of events: 2000
[INFO    ] Reducing chunksize from 150000 to 2000 for datasets
[INFO    ] Working on datasets: ['ssWW_LL_mg5']
[INFO    ] Total number of events: 2000
[INFO    ] Reducing chunksize from 150000 to 2000 for datasets
[INFO    ] Working on datasets: ['ssWW_LL_mg5']
[INFO    ] Total number of events: 2000
[INFO    ] Reducing chunksize from 150000 to 2000 for datasets
[INFO    ] Working on datasets: ['ssWW_LL_mg5']
[INFO    ] Total number of events: 2000
[INFO    ] Reducing chunksize from 150000 to 2000 for datasets
[INFO    ] Working on datasets: ['ssWW_LL_mg5']
[INFO    ] Total number of events: 2000
[INFO    ] Reducing chunksize from 150000 to 2000 for datasets
[INFO    ] Working on datasets: ['ssWW_LL_mg5']
[INFO    ] Total number of events: 2000
[INFO    ] Reducing chunksize from 150000 to 2000 for datasets
[INFO    ] Working on datasets: ['ssWW_LL_mg5']
[INFO    ] Total number of events: 2000
[INFO    ] Reducing chunksize from 150000 to 2000 for datasets
[INFO    ] Working on datasets: ['ssWW_LL_mg5']
[INFO    ] Total number of events: 2000
[INFO    ] Reducing chunksize from 150000 to 2000 for datasets
[INFO    ] Working on datasets: ['ssWW_LL_mg5']
[INFO    ] Total number of events: 2000
[INFO    ] Reducing chunksize from 150000 to 2000 for datasets
[INFO    ] Working on datasets: ['ssWW_LL_mg5']
[INFO    ] Total number of events: 2000
[INFO    ] Reducing chunksize from 150000 to 2000 for datasets
[INFO    ] Working on datasets: ['ssWW_LL_mg5']
[INFO    ] Total number of events: 2000
[INFO    ] Reducing chunksize from 150000 to 2000 for datasets
[INFO    ] Working on datasets: ['ssWW_LL_mg5']
[INFO    ] Total number of events: 2000
[INFO    ] Reducing chunksize from 150000 to 2000 for datasets
[INFO    ] Working on datasets: ['ssWW_LL_mg5']
[INFO    ] Total number of events: 2000
[INFO    ] Reducing chunksize from 150000 to 2000 for datasets
[INFO    ] Working on datasets: ['ssWW_LL_mg5']
[INFO    ] Total number of events: 2000
[INFO    ] Reducing chunksize from 150000 to 2000 for datasets
[INFO    ] Working on datasets: ['ssWW_LL_mg5']
[INFO    ] Total number of events: 2000
[INFO    ] Reducing chunksize from 150000 to 2000 for datasets
[INFO    ] Working on datasets: ['ssWW_LL_mg5']
[INFO    ] Total number of events: 2000
[INFO    ] Reducing chunksize from 150000 to 2000 for datasets
[INFO    ] Working on datasets: ['ssWW_LL_mg5']
[INFO    ] Total number of events: 2000
[INFO    ] Reducing chunksize from 150000 to 2000 for datasets
[INFO    ] Working on datasets: ['ssWW_LL_mg5']
[INFO    ] Total number of events: 2000
[INFO    ] Reducing chunksize from 150000 to 2000 for datasets
[INFO    ] Working on datasets: ['ssWW_LL_mg5']
[INFO    ] Total number of events: 2000
[INFO    ] Reducing chunksize from 150000 to 2000 for datasets
[INFO    ] Working on datasets: ['ssWW_LL_mg5']
[INFO    ] Total number of events: 2000
[INFO    ] Reducing chunksize from 150000 to 2000 for datasets
[INFO    ] Working on datasets: ['ssWW_LL_mg5']
[INFO    ] Total number of events: 2000
[INFO    ] Reducing chunksize from 150000 to 2000 for datasets
[INFO    ] Working on datasets: ['ssWW_LL_mg5']
[INFO    ] Total number of events: 2000
[INFO    ] Reducing chunksize from 150000 to 2000 for datasets
[INFO    ] Working on datasets: ['ssWW_LL_mg5']
[INFO    ] Total number of events: 2000
[INFO    ] Reducing chunksize from 150000 to 2000 for datasets
[INFO    ] Working on datasets: ['ssWW_LL_mg5']
[INFO    ] Total number of events: 2000
[INFO    ] Reducing chunksize from 150000 to 2000 for datasets
[INFO    ] Working on datasets: ['ssWW_LL_mg5']
[INFO    ] Total number of events: 2000
[INFO    ] Reducing chunksize from 150000 to 2000 for datasets
[INFO    ] Working on datasets: ['ssWW_LL_mg5']
[INFO    ] Total number of events: 2000
[INFO    ] Reducing chunksize from 150000 to 2000 for datasets
[INFO    ] Working on datasets: ['ssWW_LL_mg5']
[INFO    ] Total number of events: 10500
[INFO    ] Reducing chunksize from 150000 to 10500 for datasets
[INFO    ] Working on datasets: ['ssWW_LL_mg5']
[INFO    ] Total number of events: 10500
[INFO    ] Reducing chunksize from 150000 to 10500 for datasets
[INFO    ] Working on datasets: ['ssWW_LL_mg5']
[INFO    ] Total number of events: 10500
[INFO    ] Reducing chunksize from 150000 to 10500 for datasets
[INFO    ] Working on datasets: ['ssWW_LL_mg5']
[INFO    ] Total number of events: 10500
[INFO    ] Reducing chunksize from 150000 to 10500 for datasets
[INFO    ] Working on datasets: ['ssWW_LL_mg5']
[INFO    ] Total number of events: 10500
[INFO    ] Reducing chunksize from 150000 to 10500 for datasets
[INFO    ] Working on datasets: ['ssWW_LL_mg5']
[INFO    ] Total number of events: 10500
[INFO    ] Reducing chunksize from 150000 to 10500 for datasets
[INFO    ] Working on datasets: ['ssWW_LL_mg5']
[INFO    ] Total number of events: 10500
[INFO    ] Reducing chunksize from 150000 to 10500 for datasets
[INFO    ] Working on datasets: ['ssWW_LL_mg5']
[INFO    ] Total number of events: 10500
[INFO    ] Reducing chunksize from 150000 to 10500 for datasets
[INFO    ] Working on datasets: ['ssWW_LL_mg5']
[INFO    ] Total number of events: 10500
[INFO    ] Reducing chunksize from 150000 to 10500 for datasets
[INFO    ] Working on datasets: ['ssWW_LL_mg5']
[INFO    ] Total number of events: 10500
[INFO    ] Reducing chunksize from 150000 to 10500 for datasets
[INFO    ] Working on datasets: ['ssWW_LL_mg5']
[INFO    ] Total number of events: 10500
[INFO    ] Reducing chunksize from 150000 to 10500 for datasets
[INFO    ] Working on datasets: ['ssWW_LL_mg5']
[INFO    ] Total number of events: 10500
[INFO    ] Reducing chunksize from 150000 to 10500 for datasets
[INFO    ] Working on datasets: ['ssWW_LL_mg5']
[INFO    ] Total number of events: 10500
[INFO    ] Reducing chunksize from 150000 to 10500 for datasets
[INFO    ] Working on datasets: ['ssWW_LL_mg5']
[INFO    ] Total number of events: 10500
[INFO    ] Reducing chunksize from 150000 to 10500 for datasets
[INFO    ] Working on datasets: ['ssWW_LL_mg5']
[INFO    ] Total number of events: 10500
[INFO    ] Reducing chunksize from 150000 to 10500 for datasets
[INFO    ] Working on datasets: ['ssWW_LL_mg5']
[INFO    ] Total number of events: 10500
[INFO    ] Reducing chunksize from 150000 to 10500 for datasets
[INFO    ] Working on datasets: ['ssWW_LL_mg5']
[INFO    ] Total number of events: 10500
[INFO    ] Reducing chunksize from 150000 to 10500 for datasets
[INFO    ] Working on datasets: ['ssWW_LL_mg5']
[INFO    ] Total number of events: 10500
[INFO    ] Reducing chunksize from 150000 to 10500 for datasets
[INFO    ] Working on datasets: ['ssWW_LL_mg5']
[INFO    ] Total number of events: 10500
[INFO    ] Reducing chunksize from 150000 to 10500 for datasets
[INFO    ] Working on datasets: ['ssWW_LL_mg5']
[INFO    ] Total number of events: 10500
[INFO    ] Reducing chunksize from 150000 to 10500 for datasets
[INFO    ] Working on datasets: ['ssWW_LL_mg5']
[INFO    ] Total number of events: 10500
[INFO    ] Reducing chunksize from 150000 to 10500 for datasets
[INFO    ] Working on datasets: ['ssWW_LL_mg5']
[INFO    ] Total number of events: 10500
[INFO    ] Reducing chunksize from 150000 to 10500 for datasets
[INFO    ] Working on datasets: ['ssWW_LL_mg5']
[INFO    ] Total number of events: 10500
[INFO    ] Reducing chunksize from 150000 to 10500 for datasets
[INFO    ] Working on datasets: ['ssWW_LL_mg5']
[INFO    ] Total number of events: 10500
[INFO    ] Reducing chunksize from 150000 to 10500 for datasets
[INFO    ] Working on datasets: ['ssWW_LL_mg5']
[INFO    ] Total number of events: 10500
[INFO    ] Reducing chunksize from 150000 to 10500 for datasets
[INFO    ] Working on datasets: ['ssWW_LL_mg5']
[INFO    ] Total number of events: 10500
[INFO    ] Reducing chunksize from 150000 to 10500 for datasets
[INFO    ] Working on datasets: ['ssWW_LL_mg5']
[INFO    ] Total number of events: 10500
[INFO    ] Reducing chunksize from 150000 to 10500 for datasets
[INFO    ] Working on datasets: ['ssWW_LL_mg5']
[INFO    ] Total number of events: 10500
[INFO    ] Reducing chunksize from 150000 to 10500 for datasets
[INFO    ] Working on datasets: ['ssWW_LL_mg5']
[INFO    ] Total number of events: 10500
[INFO    ] Reducing chunksize from 150000 to 10500 for datasets
[INFO    ] Working on datasets: ['ssWW_LL_mg5']
[INFO    ] Total number of events: 10500
[INFO    ] Reducing chunksize from 150000 to 10500 for datasets
[INFO    ] Working on datasets: ['ssWW_LL_mg5']
[INFO    ] Total number of events: 10500
[INFO    ] Reducing chunksize from 150000 to 10500 for datasets
[INFO    ] Working on datasets: ['ssWW_LL_mg5']
[INFO    ] Total number of events: 10500
[INFO    ] Reducing chunksize from 150000 to 10500 for datasets
[INFO    ] Working on datasets: ['ssWW_LL_mg5']
[INFO    ] Total number of events: 10500
[INFO    ] Reducing chunksize from 150000 to 10500 for datasets
[INFO    ] Working on datasets: ['ssWW_LL_mg5']
[INFO    ] Total number of events: 10500
[INFO    ] Reducing chunksize from 150000 to 10500 for datasets
[INFO    ] Working on datasets: ['ssWW_LL_mg5']
[INFO    ] Total number of events: 10500
[INFO    ] Reducing chunksize from 150000 to 10500 for datasets
[INFO    ] Working on datasets: ['ssWW_LL_mg5']
[INFO    ] Total number of events: 10500
[INFO    ] Reducing chunksize from 150000 to 10500 for datasets
[INFO    ] Working on datasets: ['ssWW_LL_mg5']
[INFO    ] Total number of events: 10500
[INFO    ] Reducing chunksize from 150000 to 10500 for datasets
[INFO    ] Working on datasets: ['ssWW_LL_mg5']
[INFO    ] Total number of events: 10500
[INFO    ] Reducing chunksize from 150000 to 10500 for datasets
[INFO    ] Working on datasets: ['ssWW_LL_mg5']
[INFO    ] Total number of events: 10500
[INFO    ] Reducing chunksize from 150000 to 10500 for datasets
[INFO    ] Working on datasets: ['ssWW_LL_mg5']
[INFO    ] Total number of events: 10500
[INFO    ] Reducing chunksize from 150000 to 10500 for datasets
[INFO    ] Working on datasets: ['ssWW_LL_mg5']
[INFO    ] Total number of events: 10500
[INFO    ] Reducing chunksize from 150000 to 10500 for datasets
[INFO    ] Working on datasets: ['ssWW_LL_mg5']
[INFO    ] Total number of events: 10500
[INFO    ] Reducing chunksize from 150000 to 10500 for datasets
[INFO    ] Working on datasets: ['ssWW_LL_mg5']
[INFO    ] Total number of events: 10500
[INFO    ] Reducing chunksize from 150000 to 10500 for datasets
[INFO    ] Working on datasets: ['ssWW_LL_mg5']
[INFO    ] Total number of events: 10500
[INFO    ] Reducing chunksize from 150000 to 10500 for datasets
[INFO    ] Working on datasets: ['ssWW_LL_mg5']
[INFO    ] Total number of events: 10500
[INFO    ] Reducing chunksize from 150000 to 10500 for datasets
[INFO    ] Working on datasets: ['ssWW_LL_mg5']
[INFO    ] Total number of events: 10500
[INFO    ] Reducing chunksize from 150000 to 10500 for datasets
[INFO    ] Working on datasets: ['ssWW_LL_mg5']
[INFO    ] Total number of events: 10500
[INFO    ] Reducing chunksize from 150000 to 10500 for datasets
[INFO    ] Working on datasets: ['ssWW_LL_mg5']
[INFO    ] Total number of events: 10500
[INFO    ] Reducing chunksize from 150000 to 10500 for datasets
[INFO    ] Working on datasets: ['ssWW_LL_mg5']
[INFO    ] Total number of events: 10500
[INFO    ] Reducing chunksize from 150000 to 10500 for datasets
[INFO    ] Working on datasets: ['ssWW_LL_mg5']
[INFO    ] Total number of events: 10500
[INFO    ] Reducing chunksize from 150000 to 10500 for datasets
[INFO    ] Working on datasets: ['ssWW_LL_mg5']
[INFO    ] Total number of events: 10500
[INFO    ] Reducing chunksize from 150000 to 10500 for datasets
[INFO    ] Working on datasets: ['ssWW_LL_mg5']
[INFO    ] Total number of events: 10500
[INFO    ] Reducing chunksize from 150000 to 10500 for datasets
[INFO    ] Working on datasets: ['ssWW_LL_mg5']
[INFO    ] Total number of events: 10500
[INFO    ] Reducing chunksize from 150000 to 10500 for datasets
[INFO    ] Working on datasets: ['ssWW_LL_mg5']
[INFO    ] Total number of events: 10500
[INFO    ] Reducing chunksize from 150000 to 10500 for datasets
[INFO    ] Working on datasets: ['ssWW_LL_mg5']
[INFO    ] Total number of events: 10500
[INFO    ] Reducing chunksize from 150000 to 10500 for datasets
[INFO    ] Working on datasets: ['ssWW_LL_mg5']
[INFO    ] Total number of events: 10500
[INFO    ] Reducing chunksize from 150000 to 10500 for datasets
[INFO    ] Working on datasets: ['ssWW_LL_mg5']
[INFO    ] Total number of events: 20000
[INFO    ] Reducing chunksize from 150000 to 20000 for datasets
[INFO    ] Working on datasets: ['ssWW_LL_mg5']
[INFO    ] Total number of events: 20000
[INFO    ] Reducing chunksize from 150000 to 20000 for datasets
[INFO    ] Working on datasets: ['ssWW_LL_mg5']
[INFO    ] Total number of events: 31000
[INFO    ] Reducing chunksize from 150000 to 31000 for datasets
[INFO    ] Working on datasets: ['ssWW_LL_mg5']
[INFO    ] Total number of events: 31000
[INFO    ] Reducing chunksize from 150000 to 31000 for datasets
[INFO    ] Working on datasets: ['ssWW_LL_mg5']
[INFO    ] Total number of events: 30500
[INFO    ] Reducing chunksize from 150000 to 30500 for datasets
[INFO    ] Working on datasets: ['ssWW_LL_mg5']
[INFO    ] Total number of events: 30500
[INFO    ] Reducing chunksize from 150000 to 30500 for datasets
[INFO    ] Working on datasets: ['ssWW_LL_mg5']
[INFO    ] Total number of events: 30500
[INFO    ] Reducing chunksize from 150000 to 30500 for datasets
[INFO    ] Working on datasets: ['ssWW_LL_mg5']
[INFO    ] Total number of events: 30500
[INFO    ] Reducing chunksize from 150000 to 30500 for datasets
[INFO    ] Working on datasets: ['ssWW_LL_mg5']
[INFO    ] Total number of events: 30500
[INFO    ] Reducing chunksize from 150000 to 30500 for datasets
[INFO    ] Working on datasets: ['ssWW_LL_mg5']
[INFO    ] Total number of events: 30500
[INFO    ] Reducing chunksize from 150000 to 30500 for datasets
[INFO    ] Working on datasets: ['ssWW_LL_mg5']
[INFO    ] Total number of events: 30500
[INFO    ] Reducing chunksize from 150000 to 30500 for datasets
[INFO    ] Working on datasets: ['ssWW_LL_mg5']
[INFO    ] Total number of events: 30500
[INFO    ] Reducing chunksize from 150000 to 30500 for datasets
[INFO    ] Working on datasets: ['ssWW_LL_mg5']
[INFO    ] Total number of events: 30500
[INFO    ] Reducing chunksize from 150000 to 30500 for datasets
[INFO    ] Working on datasets: ['ssWW_LL_mg5']
[INFO    ] Total number of events: 30500
[INFO    ] Reducing chunksize from 150000 to 30500 for datasets
[INFO    ] Working on datasets: ['ssWW_LL_mg5']
[INFO    ] Total number of events: 30500
[INFO    ] Reducing chunksize from 150000 to 30500 for datasets
[INFO    ] Working on datasets: ['ssWW_LL_mg5']
[INFO    ] Total number of events: 30500
[INFO    ] Reducing chunksize from 150000 to 30500 for datasets
[INFO    ] Working on datasets: ['ssWW_LL_mg5']
[INFO    ] Total number of events: 30500
[INFO    ] Reducing chunksize from 150000 to 30500 for datasets
[INFO    ] Working on datasets: ['ssWW_LL_mg5']
[INFO    ] Total number of events: 30500
[INFO    ] Reducing chunksize from 150000 to 30500 for datasets
[INFO    ] Working on datasets: ['ssWW_LL_mg5']
[INFO    ] Total number of events: 30500
[INFO    ] Reducing chunksize from 150000 to 30500 for datasets
[INFO    ] Working on datasets: ['ssWW_LL_mg5']
[INFO    ] Total number of events: 30500
[INFO    ] Reducing chunksize from 150000 to 30500 for datasets
[INFO    ] Working on datasets: ['ssWW_LL_mg5']
[INFO    ] Total number of events: 30500
[INFO    ] Reducing chunksize from 150000 to 30500 for datasets
[INFO    ] Working on datasets: ['ssWW_LL_mg5']
[INFO    ] Total number of events: 30500
[INFO    ] Reducing chunksize from 150000 to 30500 for datasets
[INFO    ] Working on datasets: ['ssWW_LL_mg5']
[INFO    ] Total number of events: 30500
[INFO    ] Reducing chunksize from 150000 to 30500 for datasets
[INFO    ] Working on datasets: ['ssWW_LL_mg5']
[INFO    ] Total number of events: 30500
[INFO    ] Reducing chunksize from 150000 to 30500 for datasets
[INFO    ] Working on datasets: ['ssWW_LL_mg5']
[INFO    ] Total number of events: 30500
[INFO    ] Reducing chunksize from 150000 to 30500 for datasets
[INFO    ] Working on datasets: ['ssWW_LL_mg5']
[INFO    ] Total number of events: 30500
[INFO    ] Reducing chunksize from 150000 to 30500 for datasets
[INFO    ] Working on datasets: ['ssWW_LL_mg5']
[INFO    ] Total number of events: 30500
[INFO    ] Reducing chunksize from 150000 to 30500 for datasets
[INFO    ] Working on datasets: ['ssWW_LL_mg5']
[INFO    ] Total number of events: 30500
[INFO    ] Reducing chunksize from 150000 to 30500 for datasets
[INFO    ] Working on datasets: ['ssWW_LL_mg5']
[INFO    ] Total number of events: 30500
[INFO    ] Reducing chunksize from 150000 to 30500 for datasets
[INFO    ] Working on datasets: ['ssWW_LL_mg5_madspin', 'ssWW_TT_mg5_madspin']
[INFO    ] Total number of events: 61000
[INFO    ] Reducing chunksize from 150000 to 61000 for datasets
[INFO    ] Working on datasets: ['ssWW_LL_mg5_madspin', 'ssWW_TT_mg5_madspin']
[INFO    ] Total number of events: 61000
[INFO    ] Reducing chunksize from 150000 to 61000 for datasets
[INFO    ] Working on datasets: ['ssWW_LL_mg5_madspin']
[INFO    ] Total number of events: 30500
[INFO    ] Reducing chunksize from 150000 to 30500 for datasets
